<?xml version="1.0" encoding="UTF-8"?>
<testng-results ignored="0" total="2" passed="2" failed="0" skipped="0">
  <reporter-output>
  </reporter-output>
  <suite started-at="2024-09-26T20:32:09 IST" name="Suite" finished-at="2024-09-26T20:33:14 IST" duration-ms="64545">
    <groups>
    </groups>
    <test started-at="2024-09-26T20:32:09 IST" name="Test" finished-at="2024-09-26T20:33:14 IST" duration-ms="64545">
      <class name="com.testclass.LoginPageTest">
        <test-method is-config="true" signature="launchBrowser()[pri:0, instance:com.testclass.LoginPageTest@74751b3]" started-at="2024-09-26T20:32:09 IST" name="launchBrowser" finished-at="2024-09-26T20:32:42 IST" duration-ms="33137" status="PASS">
          <reporter-output>
          </reporter-output>
        </test-method> <!-- launchBrowser -->
        <test-method signature="TC_SubPage()[pri:0, instance:com.testclass.LoginPageTest@74751b3]" started-at="2024-09-26T20:32:42 IST" name="TC_SubPage" finished-at="2024-09-26T20:32:51 IST" duration-ms="8949" status="PASS">
          <reporter-output>
          </reporter-output>
        </test-method> <!-- TC_SubPage -->
        <test-method is-config="true" signature="tearDown()[pri:0, instance:com.testclass.LoginPageTest@74751b3]" started-at="2024-09-26T20:32:51 IST" name="tearDown" finished-at="2024-09-26T20:32:58 IST" duration-ms="6189" status="PASS">
          <reporter-output>
          </reporter-output>
        </test-method> <!-- tearDown -->
        <test-method is-config="true" signature="launchBrowser()[pri:0, instance:com.testclass.LoginPageTest@74751b3]" started-at="2024-09-26T20:32:58 IST" name="launchBrowser" finished-at="2024-09-26T20:33:08 IST" duration-ms="10688" status="PASS">
          <reporter-output>
          </reporter-output>
        </test-method> <!-- launchBrowser -->
        <test-method signature="TC_login()[pri:0, instance:com.testclass.LoginPageTest@74751b3]" started-at="2024-09-26T20:33:08 IST" name="TC_login" finished-at="2024-09-26T20:33:13 IST" duration-ms="4798" status="PASS">
          <reporter-output>
          </reporter-output>
        </test-method> <!-- TC_login -->
        <test-method is-config="true" signature="tearDown()[pri:0, instance:com.testclass.LoginPageTest@74751b3]" started-at="2024-09-26T20:33:13 IST" name="tearDown" finished-at="2024-09-26T20:33:14 IST" duration-ms="731" status="PASS">
          <reporter-output>
          </reporter-output>
        </test-method> <!-- tearDown -->
      </class> <!-- com.testclass.LoginPageTest -->
    </test> <!-- Test -->
  </suite> <!-- Suite -->
</testng-results>
