<?xml version="1.0" encoding="UTF-8"?>
<testng-results ignored="0" total="1" passed="1" failed="0" skipped="0">
  <reporter-output>
  </reporter-output>
  <suite started-at="2024-09-23T15:23:56 IST" name="Default suite" finished-at="2024-09-23T15:24:17 IST" duration-ms="20683">
    <groups>
    </groups>
    <test started-at="2024-09-23T15:23:56 IST" name="Default test" finished-at="2024-09-23T15:24:17 IST" duration-ms="20683">
      <class name="com.baseclass.BaseClass">
        <test-method signature="launchBrowser()[pri:0, instance:com.baseclass.BaseClass@74751b3]" started-at="2024-09-23T15:23:56 IST" name="launchBrowser" finished-at="2024-09-23T15:24:17 IST" duration-ms="20536" status="PASS">
          <reporter-output>
          </reporter-output>
        </test-method> <!-- launchBrowser -->
      </class> <!-- com.baseclass.BaseClass -->
    </test> <!-- Default test -->
  </suite> <!-- Default suite -->
</testng-results>
